-- The C compiler identification is GNU 11.4.0
-- The CXX compiler identification is GNU 11.4.0
-- Detecting C compiler ABI info
-- Detecting C compiler ABI info - done
-- Check for working C compiler: /usr/bin/cc - skipped
-- Detecting C compile features
-- Detecting C compile features - done
-- Detecting CXX compiler ABI info
-- Detecting CXX compiler ABI info - done
-- Check for working CXX compiler: /usr/bin/c++ - skipped
-- Detecting CXX compile features
-- Detecting CXX compile features - done
-- Found ament_cmake: 1.3.11 (/opt/ros/humble/share/ament_cmake/cmake)
-- Found Python3: /usr/bin/python3 (found version "3.10.12") found components: Interpreter 
-- Found rclcpp: 16.0.11 (/opt/ros/humble/share/rclcpp/cmake)
-- Found rosidl_generator_c: 3.1.6 (/opt/ros/humble/share/rosidl_generator_c/cmake)
-- Found rosidl_adapter: 3.1.6 (/opt/ros/humble/share/rosidl_adapter/cmake)
-- Found rosidl_generator_cpp: 3.1.6 (/opt/ros/humble/share/rosidl_generator_cpp/cmake)
-- Using all available rosidl_typesupport_c: rosidl_typesupport_fastrtps_c;rosidl_typesupport_introspection_c
-- Using all available rosidl_typesupport_cpp: rosidl_typesupport_fastrtps_cpp;rosidl_typesupport_introspection_cpp
-- Found rmw_implementation_cmake: 6.1.2 (/opt/ros/humble/share/rmw_implementation_cmake/cmake)
-- Found rmw_fastrtps_cpp: 6.2.7 (/opt/ros/humble/share/rmw_fastrtps_cpp/cmake)
-- Found OpenSSL: /usr/lib/x86_64-linux-gnu/libcrypto.so (found version "3.0.2")  
-- Found FastRTPS: /opt/ros/humble/include  
-- Using RMW implementation 'rmw_fastrtps_cpp' as default
-- Looking for pthread.h
-- Looking for pthread.h - found
-- Performing Test CMAKE_HAVE_LIBC_PTHREAD
-- Performing Test CMAKE_HAVE_LIBC_PTHREAD - Success
-- Found Threads: TRUE  
-- Found sensor_msgs: 4.2.4 (/opt/ros/humble/share/sensor_msgs/cmake)
-- Configuring done
-- Generating done
-- Build files have been written to: /home/ocean/Documents/Spiderverse/ros2_ws/build/lidar_udp_receiver
[ 50%] [32mBuilding CXX object CMakeFiles/lidar_udp_receiver_node.dir/src/lidar_udp_receiver_node.cpp.o[0m
[01m[K/home/ocean/Documents/Spiderverse/ros2_ws/src/lidar_udp_receiver/src/lidar_udp_receiver_node.cpp:[m[K In member function â€˜[01m[Kbool LidarUdpReceiver::setupUdpSocket()[m[Kâ€™:
[01m[K/home/ocean/Documents/Spiderverse/ros2_ws/src/lidar_udp_receiver/src/lidar_udp_receiver_node.cpp:78:39:[m[K [01;31m[Kerror: [m[Kâ€˜[01m[KF_GETFL[m[Kâ€™ was not declared in this scope
   78 |         int flags = fcntl(socket_fd_, [01;31m[KF_GETFL[m[K, 0);
      |                                       [01;31m[K^~~~~~~[m[K
[01m[K/home/ocean/Documents/Spiderverse/ros2_ws/src/lidar_udp_receiver/src/lidar_udp_receiver_node.cpp:78:21:[m[K [01;31m[Kerror: [m[Kâ€˜[01m[Kfcntl[m[Kâ€™ was not declared in this scope
   78 |         int flags = [01;31m[Kfcntl[m[K(socket_fd_, F_GETFL, 0);
      |                     [01;31m[K^~~~~[m[K
[01m[K/home/ocean/Documents/Spiderverse/ros2_ws/src/lidar_udp_receiver/src/lidar_udp_receiver_node.cpp:79:27:[m[K [01;31m[Kerror: [m[Kâ€˜[01m[KF_SETFL[m[Kâ€™ was not declared in this scope
   79 |         fcntl(socket_fd_, [01;31m[KF_SETFL[m[K, flags | O_NONBLOCK);
      |                           [01;31m[K^~~~~~~[m[K
[01m[K/home/ocean/Documents/Spiderverse/ros2_ws/src/lidar_udp_receiver/src/lidar_udp_receiver_node.cpp:79:44:[m[K [01;31m[Kerror: [m[Kâ€˜[01m[KO_NONBLOCK[m[Kâ€™ was not declared in this scope; did you mean â€˜[01m[KSOCK_NONBLOCK[m[Kâ€™?
   79 |         fcntl(socket_fd_, F_SETFL, flags | [01;31m[KO_NONBLOCK[m[K);
      |                                            [01;31m[K^~~~~~~~~~[m[K
      |                                            [32m[KSOCK_NONBLOCK[m[K
gmake[2]: *** [CMakeFiles/lidar_udp_receiver_node.dir/build.make:76: CMakeFiles/lidar_udp_receiver_node.dir/src/lidar_udp_receiver_node.cpp.o] Error 1
gmake[1]: *** [CMakeFiles/Makefile2:137: CMakeFiles/lidar_udp_receiver_node.dir/all] Error 2
gmake: *** [Makefile:146: all] Error 2
